[ 2016-07-31T10:11:42+08:00 ] 127.0.0.1 /
INFO: [ app_init ] --START--
INFO: Run Behavior\BuildLiteBehavior [ RunTime:0.000023s ]
INFO: [ app_init ] --END-- [ RunTime:0.000607s ]
INFO: [ app_begin ] --START--
INFO: Run Behavior\ReadHtmlCacheBehavior [ RunTime:0.000888s ]
INFO: [ app_begin ] --END-- [ RunTime:0.000988s ]
INFO: [ mark_pv ] --START--
INFO: Run Home\Behavior\TestBehavior [ RunTime:0.000896s ]
INFO: [ mark_pv ] --END-- [ RunTime:0.000982s ]
SQL: SHOW COLUMNS FROM `es_setting` [ RunTime:0.0045s ]
SQL: SELECT `setting_value` FROM `es_setting` WHERE ( setting_key='websiteName' ) LIMIT 1   [ RunTime:0.0002s ]
NOTIC: [8] A session had already been started - ignoring session_start() G:\install\apache2.4\htdocs\cjh\tp\Application\Home\Controller\Common\BaseController.class.php 第 19 行.
SQL: SHOW COLUMNS FROM `es_menu_item` [ RunTime:0.0041s ]
SQL: SELECT * FROM `es_menu_item` WHERE ( menu_id = '2' and parent_id = '0' ) ORDER BY sort_order  [ RunTime:0.0002s ]
ERR: 1146:Table 'eschool.other_user' doesn't exist
 [ SQL语句 ] : SHOW COLUMNS FROM `other_user`
NOTIC: [8] Undefined variable: hehe G:\install\apache2.4\htdocs\cjh\tp\Application\Home\Controller\IndexController.class.php 第 20 行.
SQL: select * from eb_user where user_id = "1" [ RunTime:0.0005s ]
SQL: SHOW COLUMNS FROM `es_banner` [ RunTime:0.0035s ]
SQL: SELECT * FROM `es_banner` ORDER BY sort_order  [ RunTime:0.0002s ]
SQL: SHOW COLUMNS FROM `es_counter` [ RunTime:0.0043s ]
SQL: SELECT `count` FROM `es_counter` WHERE ( counter_name='visit' ) LIMIT 1   [ RunTime:0.0003s ]
NOTIC: [8] A session had already been started - ignoring session_start() G:\install\apache2.4\htdocs\cjh\tp\Application\Home\Controller\IndexController.class.php 第 37 行.
SQL: UPDATE `es_counter` SET `count`='5' WHERE ( counter_name='visit' ) [ RunTime:0.0612s ]
INFO: [ view_parse ] --START--
INFO: [ template_filter ] --START--
INFO: Run Behavior\ContentReplaceBehavior [ RunTime:0.000097s ]
INFO: [ template_filter ] --END-- [ RunTime:0.000172s ]
INFO: Run Behavior\ParseTemplateBehavior [ RunTime:0.015245s ]
INFO: [ view_parse ] --END-- [ RunTime:0.015332s ]
INFO: [ view_filter ] --START--
INFO: Run Behavior\WriteHtmlCacheBehavior [ RunTime:0.000525s ]
INFO: [ view_filter ] --END-- [ RunTime:0.000588s ]
INFO: [ app_end ] --START--
INFO: Run Behavior\ShowPageTraceBehavior [ RunTime:0.000880s ]
INFO: [ app_end ] --END-- [ RunTime:0.000948s ]

[ 2016-07-31T10:11:42+08:00 ] 127.0.0.1 /favicon.ico
INFO: [ app_init ] --START--
INFO: Run Behavior\BuildLiteBehavior [ RunTime:0.000022s ]
INFO: [ app_init ] --END-- [ RunTime:0.000585s ]

