[ 2016-07-25T13:59:32+08:00 ] 127.0.0.1 /tp/
INFO: [ app_init ] --START--
INFO: Run Behavior\BuildLiteBehavior [ RunTime:0.000040s ]
INFO: [ app_init ] --END-- [ RunTime:0.013659s ]
INFO: [ app_begin ] --START--
INFO: Run Behavior\ReadHtmlCacheBehavior [ RunTime:0.007296s ]
INFO: [ app_begin ] --END-- [ RunTime:0.007421s ]
ERR: 1146:Table 'eschool.other_user' doesn't exist
 [ SQL语句 ] : SHOW COLUMNS FROM `other_user`
NOTIC: [8] Undefined variable: hehe G:\install\apache2.4\htdocs\tp\Application\Home\Controller\IndexController.class.php 第 8 行.
INFO: [ app_end ] --START--
INFO: Run Behavior\ShowPageTraceBehavior [ RunTime:0.011768s ]
INFO: [ app_end ] --END-- [ RunTime:0.011905s ]

[ 2016-07-25T14:15:27+08:00 ] 127.0.0.1 /tp/
INFO: [ app_init ] --START--
INFO: Run Behavior\BuildLiteBehavior [ RunTime:0.000020s ]
INFO: [ app_init ] --END-- [ RunTime:0.000534s ]
INFO: [ app_begin ] --START--
INFO: Run Behavior\ReadHtmlCacheBehavior [ RunTime:0.000937s ]
INFO: [ app_begin ] --END-- [ RunTime:0.001022s ]
ERR: 1146:Table 'eschool.other_user' doesn't exist
 [ SQL语句 ] : SHOW COLUMNS FROM `other_user`
NOTIC: [8] Undefined variable: hehe G:\install\apache2.4\htdocs\tp\Application\Home\Controller\IndexController.class.php 第 8 行.
INFO: [ app_end ] --START--
INFO: Run Behavior\ShowPageTraceBehavior [ RunTime:0.000975s ]
INFO: [ app_end ] --END-- [ RunTime:0.001056s ]

[ 2016-07-25T14:16:34+08:00 ] 127.0.0.1 /tp/index.php?hehe
INFO: [ app_init ] --START--
INFO: Run Behavior\BuildLiteBehavior [ RunTime:0.000020s ]
INFO: [ app_init ] --END-- [ RunTime:0.000551s ]
INFO: [ app_begin ] --START--
INFO: Run Behavior\ReadHtmlCacheBehavior [ RunTime:0.001614s ]
INFO: [ app_begin ] --END-- [ RunTime:0.001697s ]
ERR: 1146:Table 'eschool.other_user' doesn't exist
 [ SQL语句 ] : SHOW COLUMNS FROM `other_user`
NOTIC: [8] Undefined variable: hehe G:\install\apache2.4\htdocs\tp\Application\Home\Controller\IndexController.class.php 第 8 行.
INFO: [ app_end ] --START--
INFO: Run Behavior\ShowPageTraceBehavior [ RunTime:0.000959s ]
INFO: [ app_end ] --END-- [ RunTime:0.001036s ]

[ 2016-07-25T14:18:27+08:00 ] ::1 /tp/index.php/Home/Index/
INFO: [ app_init ] --START--
INFO: Run Behavior\BuildLiteBehavior [ RunTime:0.000021s ]
INFO: [ app_init ] --END-- [ RunTime:0.000502s ]
INFO: [ app_begin ] --START--
INFO: Run Behavior\ReadHtmlCacheBehavior [ RunTime:0.000730s ]
INFO: [ app_begin ] --END-- [ RunTime:0.000810s ]
ERR: 1146:Table 'eschool.other_user' doesn't exist
 [ SQL语句 ] : SHOW COLUMNS FROM `other_user`
NOTIC: [8] Undefined variable: hehe G:\install\apache2.4\htdocs\tp\Application\Home\Controller\IndexController.class.php 第 8 行.
INFO: [ app_end ] --START--
INFO: Run Behavior\ShowPageTraceBehavior [ RunTime:0.000955s ]
INFO: [ app_end ] --END-- [ RunTime:0.001054s ]

[ 2016-07-25T14:18:35+08:00 ] ::1 /tp/
INFO: [ app_init ] --START--
INFO: Run Behavior\BuildLiteBehavior [ RunTime:0.000024s ]
INFO: [ app_init ] --END-- [ RunTime:0.000758s ]
INFO: [ app_begin ] --START--
INFO: Run Behavior\ReadHtmlCacheBehavior [ RunTime:0.000961s ]
INFO: [ app_begin ] --END-- [ RunTime:0.001051s ]
ERR: 1146:Table 'eschool.other_user' doesn't exist
 [ SQL语句 ] : SHOW COLUMNS FROM `other_user`
NOTIC: [8] Undefined variable: hehe G:\install\apache2.4\htdocs\tp\Application\Home\Controller\IndexController.class.php 第 8 行.
INFO: [ app_end ] --START--
INFO: Run Behavior\ShowPageTraceBehavior [ RunTime:0.000993s ]
INFO: [ app_end ] --END-- [ RunTime:0.001077s ]

[ 2016-07-25T14:19:29+08:00 ] ::1 /tp/
INFO: [ app_init ] --START--
INFO: Run Behavior\BuildLiteBehavior [ RunTime:0.000021s ]
INFO: [ app_init ] --END-- [ RunTime:0.000597s ]
INFO: [ app_begin ] --START--
INFO: Run Behavior\ReadHtmlCacheBehavior [ RunTime:0.000835s ]
INFO: [ app_begin ] --END-- [ RunTime:0.000907s ]
ERR: 1146:Table 'eschool.other_user' doesn't exist
 [ SQL语句 ] : SHOW COLUMNS FROM `other_user`
NOTIC: [8] Undefined variable: hehe G:\install\apache2.4\htdocs\tp\Application\Home\Controller\IndexController.class.php 第 8 行.
INFO: [ app_end ] --START--
INFO: Run Behavior\ShowPageTraceBehavior [ RunTime:0.000998s ]
INFO: [ app_end ] --END-- [ RunTime:0.001079s ]

[ 2016-07-25T14:19:31+08:00 ] ::1 /tp/
INFO: [ app_init ] --START--
INFO: Run Behavior\BuildLiteBehavior [ RunTime:0.000020s ]
INFO: [ app_init ] --END-- [ RunTime:0.000479s ]
INFO: [ app_begin ] --START--
INFO: Run Behavior\ReadHtmlCacheBehavior [ RunTime:0.000747s ]
INFO: [ app_begin ] --END-- [ RunTime:0.000818s ]
ERR: 1146:Table 'eschool.other_user' doesn't exist
 [ SQL语句 ] : SHOW COLUMNS FROM `other_user`
NOTIC: [8] Undefined variable: hehe G:\install\apache2.4\htdocs\tp\Application\Home\Controller\IndexController.class.php 第 8 行.
INFO: [ app_end ] --START--
INFO: Run Behavior\ShowPageTraceBehavior [ RunTime:0.000842s ]
INFO: [ app_end ] --END-- [ RunTime:0.000924s ]

[ 2016-07-25T14:20:17+08:00 ] ::1 /tp/index.php/Home/Index/
INFO: [ app_init ] --START--
INFO: Run Behavior\BuildLiteBehavior [ RunTime:0.000024s ]
INFO: [ app_init ] --END-- [ RunTime:0.000603s ]
INFO: [ app_begin ] --START--
INFO: Run Behavior\ReadHtmlCacheBehavior [ RunTime:0.000695s ]
INFO: [ app_begin ] --END-- [ RunTime:0.000812s ]
ERR: 1146:Table 'eschool.other_user' doesn't exist
 [ SQL语句 ] : SHOW COLUMNS FROM `other_user`
NOTIC: [8] Undefined variable: hehe G:\install\apache2.4\htdocs\tp\Application\Home\Controller\IndexController.class.php 第 8 行.
INFO: [ app_end ] --START--
INFO: Run Behavior\ShowPageTraceBehavior [ RunTime:0.000807s ]
INFO: [ app_end ] --END-- [ RunTime:0.000886s ]

[ 2016-07-25T14:22:05+08:00 ] ::1 /tp/index.php/
INFO: [ app_init ] --START--
INFO: Run Behavior\BuildLiteBehavior [ RunTime:0.000025s ]
INFO: [ app_init ] --END-- [ RunTime:0.002828s ]
INFO: [ app_begin ] --START--
INFO: Run Behavior\ReadHtmlCacheBehavior [ RunTime:0.000845s ]
INFO: [ app_begin ] --END-- [ RunTime:0.000920s ]
ERR: 1146:Table 'eschool.other_user' doesn't exist
 [ SQL语句 ] : SHOW COLUMNS FROM `other_user`
NOTIC: [8] Undefined variable: hehe G:\install\apache2.4\htdocs\tp\Application\Home\Controller\IndexController.class.php 第 8 行.
INFO: [ app_end ] --START--
INFO: Run Behavior\ShowPageTraceBehavior [ RunTime:0.000941s ]
INFO: [ app_end ] --END-- [ RunTime:0.001021s ]

[ 2016-07-25T14:23:09+08:00 ] ::1 /tp/index.php/Home/Index/
INFO: [ app_init ] --START--
INFO: Run Behavior\BuildLiteBehavior [ RunTime:0.000020s ]
INFO: [ app_init ] --END-- [ RunTime:0.000529s ]
INFO: [ app_begin ] --START--
INFO: Run Behavior\ReadHtmlCacheBehavior [ RunTime:0.000824s ]
INFO: [ app_begin ] --END-- [ RunTime:0.001620s ]
ERR: 1146:Table 'eschool.other_user' doesn't exist
 [ SQL语句 ] : SHOW COLUMNS FROM `other_user`
NOTIC: [8] Undefined variable: hehe G:\install\apache2.4\htdocs\tp\Application\Home\Controller\IndexController.class.php 第 8 行.
INFO: [ app_end ] --START--
INFO: Run Behavior\ShowPageTraceBehavior [ RunTime:0.000810s ]
INFO: [ app_end ] --END-- [ RunTime:0.000891s ]

[ 2016-07-25T14:23:13+08:00 ] ::1 /tp/index.php/Home/Index/hello
INFO: [ app_init ] --START--
INFO: Run Behavior\BuildLiteBehavior [ RunTime:0.000020s ]
INFO: [ app_init ] --END-- [ RunTime:0.000491s ]
INFO: [ app_begin ] --START--
INFO: Run Behavior\ReadHtmlCacheBehavior [ RunTime:0.000694s ]
INFO: [ app_begin ] --END-- [ RunTime:0.000773s ]
INFO: [ app_end ] --START--
INFO: Run Behavior\ShowPageTraceBehavior [ RunTime:0.000751s ]
INFO: [ app_end ] --END-- [ RunTime:0.000856s ]

[ 2016-07-25T14:23:55+08:00 ] ::1 /tp/index.php/Home/Index/hello
INFO: [ app_init ] --START--
INFO: Run Behavior\BuildLiteBehavior [ RunTime:0.000021s ]
INFO: [ app_init ] --END-- [ RunTime:0.000463s ]
INFO: [ app_begin ] --START--
INFO: Run Behavior\ReadHtmlCacheBehavior [ RunTime:0.002077s ]
INFO: [ app_begin ] --END-- [ RunTime:0.002181s ]
INFO: [ app_end ] --START--
INFO: Run Behavior\ShowPageTraceBehavior [ RunTime:0.001567s ]
INFO: [ app_end ] --END-- [ RunTime:0.001765s ]

[ 2016-07-25T14:26:43+08:00 ] ::1 /tp/index.php/Home/Index/hello
INFO: [ app_init ] --START--
INFO: Run Behavior\BuildLiteBehavior [ RunTime:0.000020s ]
INFO: [ app_init ] --END-- [ RunTime:0.000575s ]
INFO: [ app_begin ] --START--
INFO: Run Behavior\ReadHtmlCacheBehavior [ RunTime:0.000931s ]
INFO: [ app_begin ] --END-- [ RunTime:0.001010s ]
INFO: [ app_end ] --START--
INFO: Run Behavior\ShowPageTraceBehavior [ RunTime:0.000950s ]
INFO: [ app_end ] --END-- [ RunTime:0.001038s ]

[ 2016-07-25T14:26:46+08:00 ] ::1 /tp/index.php/Home/Index/hello
INFO: [ app_init ] --START--
INFO: Run Behavior\BuildLiteBehavior [ RunTime:0.000021s ]
INFO: [ app_init ] --END-- [ RunTime:0.000476s ]
INFO: [ app_begin ] --START--
INFO: Run Behavior\ReadHtmlCacheBehavior [ RunTime:0.000754s ]
INFO: [ app_begin ] --END-- [ RunTime:0.001180s ]
INFO: [ app_end ] --START--
INFO: Run Behavior\ShowPageTraceBehavior [ RunTime:0.000796s ]
INFO: [ app_end ] --END-- [ RunTime:0.000884s ]

[ 2016-07-25T14:26:49+08:00 ] ::1 /tp/index.php/Home/Index/asd
INFO: [ app_init ] --START--
INFO: Run Behavior\BuildLiteBehavior [ RunTime:0.000021s ]
INFO: [ app_init ] --END-- [ RunTime:0.000473s ]
INFO: [ app_begin ] --START--
INFO: Run Behavior\ReadHtmlCacheBehavior [ RunTime:0.001000s ]
INFO: [ app_begin ] --END-- [ RunTime:0.001504s ]
INFO: [ app_end ] --START--
INFO: Run Behavior\ShowPageTraceBehavior [ RunTime:0.000672s ]
INFO: [ app_end ] --END-- [ RunTime:0.000745s ]

[ 2016-07-25T14:26:55+08:00 ] ::1 /tp/index.php/Home/Index/asd
INFO: [ app_init ] --START--
INFO: Run Behavior\BuildLiteBehavior [ RunTime:0.000026s ]
INFO: [ app_init ] --END-- [ RunTime:0.000623s ]
INFO: [ app_begin ] --START--
INFO: Run Behavior\ReadHtmlCacheBehavior [ RunTime:0.000730s ]
INFO: [ app_begin ] --END-- [ RunTime:0.000811s ]
INFO: [ app_end ] --START--
INFO: Run Behavior\ShowPageTraceBehavior [ RunTime:0.000681s ]
INFO: [ app_end ] --END-- [ RunTime:0.000751s ]

[ 2016-07-25T14:27:12+08:00 ] ::1 /tp/index.php/Home/Index/asd
INFO: [ app_init ] --START--
INFO: Run Behavior\BuildLiteBehavior [ RunTime:0.000019s ]
INFO: [ app_init ] --END-- [ RunTime:0.000459s ]
INFO: [ app_begin ] --START--
INFO: Run Behavior\ReadHtmlCacheBehavior [ RunTime:0.001206s ]
INFO: [ app_begin ] --END-- [ RunTime:0.001306s ]
ERR: 模板不存在:./Application/Home/View/Index/asd.html

[ 2016-07-25T14:28:31+08:00 ] ::1 /tp/index.php/Home/Index/asd
INFO: [ app_init ] --START--
INFO: Run Behavior\BuildLiteBehavior [ RunTime:0.000020s ]
INFO: [ app_init ] --END-- [ RunTime:0.000464s ]
INFO: [ app_begin ] --START--
INFO: Run Behavior\ReadHtmlCacheBehavior [ RunTime:0.000681s ]
INFO: [ app_begin ] --END-- [ RunTime:0.000751s ]
INFO: [ view_parse ] --START--
INFO: [ template_filter ] --START--
INFO: Run Behavior\ContentReplaceBehavior [ RunTime:0.014474s ]
INFO: [ template_filter ] --END-- [ RunTime:0.014579s ]
INFO: Run Behavior\ParseTemplateBehavior [ RunTime:0.104444s ]
INFO: [ view_parse ] --END-- [ RunTime:0.104539s ]
INFO: [ view_filter ] --START--
INFO: Run Behavior\WriteHtmlCacheBehavior [ RunTime:0.000652s ]
INFO: [ view_filter ] --END-- [ RunTime:0.000719s ]
INFO: [ app_end ] --START--
INFO: Run Behavior\ShowPageTraceBehavior [ RunTime:0.000772s ]
INFO: [ app_end ] --END-- [ RunTime:0.000840s ]

[ 2016-07-25T16:36:28+08:00 ] 127.0.0.1 /tp/
INFO: [ app_init ] --START--
INFO: Run Behavior\BuildLiteBehavior [ RunTime:0.000022s ]
INFO: [ app_init ] --END-- [ RunTime:0.000560s ]
INFO: [ app_begin ] --START--
INFO: Run Behavior\ReadHtmlCacheBehavior [ RunTime:0.001012s ]
INFO: [ app_begin ] --END-- [ RunTime:0.001097s ]
ERR: 1146:Table 'eschool.other_user' doesn't exist
 [ SQL语句 ] : SHOW COLUMNS FROM `other_user`
NOTIC: [8] Undefined variable: hehe G:\install\apache2.4\htdocs\tp\Application\Home\Controller\IndexController.class.php 第 8 行.
INFO: [ app_end ] --START--
INFO: Run Behavior\ShowPageTraceBehavior [ RunTime:0.000982s ]
INFO: [ app_end ] --END-- [ RunTime:0.001060s ]

[ 2016-07-25T17:41:07+08:00 ] 127.0.0.1 /
INFO: [ app_init ] --START--
INFO: Run Behavior\BuildLiteBehavior [ RunTime:0.000021s ]
INFO: [ app_init ] --END-- [ RunTime:0.000560s ]
INFO: [ app_begin ] --START--
INFO: Run Behavior\ReadHtmlCacheBehavior [ RunTime:0.000825s ]
INFO: [ app_begin ] --END-- [ RunTime:0.000899s ]
ERR: 1146:Table 'eschool.other_user' doesn't exist
 [ SQL语句 ] : SHOW COLUMNS FROM `other_user`
NOTIC: [8] Undefined variable: hehe G:\install\apache2.4\htdocs\tp\Application\Home\Controller\IndexController.class.php 第 8 行.
INFO: [ app_end ] --START--
INFO: Run Behavior\ShowPageTraceBehavior [ RunTime:0.001517s ]
INFO: [ app_end ] --END-- [ RunTime:0.001603s ]

[ 2016-07-25T17:46:14+08:00 ] 127.0.0.1 /
INFO: [ app_init ] --START--
INFO: Run Behavior\BuildLiteBehavior [ RunTime:0.000022s ]
INFO: [ app_init ] --END-- [ RunTime:0.000566s ]
INFO: [ app_begin ] --START--
INFO: Run Behavior\ReadHtmlCacheBehavior [ RunTime:0.001029s ]
INFO: [ app_begin ] --END-- [ RunTime:0.001121s ]
ERR: 1146:Table 'eschool.other_user' doesn't exist
 [ SQL语句 ] : SHOW COLUMNS FROM `other_user`
NOTIC: [8] Undefined variable: hehe G:\install\apache2.4\htdocs\tp\Application\Home\Controller\IndexController.class.php 第 8 行.
ERR: 1146:Table 'eschool.es_user' doesn't exist
 [ SQL语句 ] : select * from es_user where user_id = "1"
ERR: 1146:Table 'eschool.es_user' doesn't exist
 [ SQL语句 ] : select * from es_user where user_id = "1"

[ 2016-07-25T17:46:48+08:00 ] 127.0.0.1 /
INFO: [ app_init ] --START--
INFO: Run Behavior\BuildLiteBehavior [ RunTime:0.000022s ]
INFO: [ app_init ] --END-- [ RunTime:0.000500s ]
INFO: [ app_begin ] --START--
INFO: Run Behavior\ReadHtmlCacheBehavior [ RunTime:0.000699s ]
INFO: [ app_begin ] --END-- [ RunTime:0.000772s ]
ERR: 1146:Table 'eschool.other_user' doesn't exist
 [ SQL语句 ] : SHOW COLUMNS FROM `other_user`
NOTIC: [8] Undefined variable: hehe G:\install\apache2.4\htdocs\tp\Application\Home\Controller\IndexController.class.php 第 8 行.
SQL: select * from eb_user where user_id = "1" [ RunTime:0.0168s ]
NOTIC: [8] Array to string conversion G:\install\apache2.4\htdocs\tp\Application\Home\Controller\IndexController.class.php 第 14 行.
INFO: [ app_end ] --START--
INFO: Run Behavior\ShowPageTraceBehavior [ RunTime:0.001061s ]
INFO: [ app_end ] --END-- [ RunTime:0.001134s ]

[ 2016-07-25T17:47:06+08:00 ] 127.0.0.1 /
INFO: [ app_init ] --START--
INFO: Run Behavior\BuildLiteBehavior [ RunTime:0.000024s ]
INFO: [ app_init ] --END-- [ RunTime:0.000539s ]
INFO: [ app_begin ] --START--
INFO: Run Behavior\ReadHtmlCacheBehavior [ RunTime:0.000725s ]
INFO: [ app_begin ] --END-- [ RunTime:0.000804s ]
ERR: 1146:Table 'eschool.other_user' doesn't exist
 [ SQL语句 ] : SHOW COLUMNS FROM `other_user`
NOTIC: [8] Undefined variable: hehe G:\install\apache2.4\htdocs\tp\Application\Home\Controller\IndexController.class.php 第 8 行.
SQL: select * from eb_user where user_id = "1" [ RunTime:0.0002s ]
INFO: [ app_end ] --START--
INFO: Run Behavior\ShowPageTraceBehavior [ RunTime:0.000831s ]
INFO: [ app_end ] --END-- [ RunTime:0.000901s ]

