[ 2016-09-09T22:51:07+08:00 ] 127.0.0.1 /admin/index
INFO: [ app_init ] --START--
INFO: Run Behavior\BuildLiteBehavior [ RunTime:0.000021s ]
INFO: [ app_init ] --END-- [ RunTime:0.000537s ]
INFO: [ app_begin ] --START--
INFO: Run Behavior\ReadHtmlCacheBehavior [ RunTime:0.000993s ]
INFO: [ app_begin ] --END-- [ RunTime:0.001092s ]
INFO: [ mark_pv ] --START--
INFO: Run Home\Behavior\TestBehavior [ RunTime:0.001722s ]
INFO: [ mark_pv ] --END-- [ RunTime:0.001817s ]
SQL: SHOW COLUMNS FROM `es_setting` [ RunTime:0.0063s ]
SQL: SELECT `setting_value` FROM `es_setting` WHERE ( setting_key='websiteName' ) LIMIT 1   [ RunTime:0.0002s ]
NOTIC: [8] A session had already been started - ignoring session_start() G:\install\apache2.4\htdocs\tp\Application\Home\Controller\Common\BaseController.class.php 第 19 行.
SQL: SHOW COLUMNS FROM `es_menu_item` [ RunTime:0.0046s ]
SQL: SELECT * FROM `es_menu_item` WHERE ( menu_id = '2' and parent_id = '0' ) ORDER BY sort_order  [ RunTime:0.0002s ]
ERR: 1146:Table 'eschool.other_user' doesn't exist
 [ SQL语句 ] : SHOW COLUMNS FROM `other_user`
NOTIC: [8] Undefined variable: hehe G:\install\apache2.4\htdocs\tp\Application\Admin\Controller\IndexController.class.php 第 25 行.
SQL: select * from eb_user where user_id = "1" [ RunTime:0.0002s ]
NOTIC: [8] A session had already been started - ignoring session_start() G:\install\apache2.4\htdocs\tp\Application\Admin\Controller\IndexController.class.php 第 34 行.
INFO: [ view_parse ] --START--
INFO: [ template_filter ] --START--
INFO: Run Behavior\ContentReplaceBehavior [ RunTime:0.017344s ]
INFO: [ template_filter ] --END-- [ RunTime:0.017456s ]
INFO: Run Behavior\ParseTemplateBehavior [ RunTime:0.029078s ]
INFO: [ view_parse ] --END-- [ RunTime:0.029184s ]
INFO: [ view_filter ] --START--
INFO: Run Behavior\WriteHtmlCacheBehavior [ RunTime:0.000549s ]
INFO: [ view_filter ] --END-- [ RunTime:0.000617s ]
INFO: [ app_end ] --START--
INFO: Run Behavior\ShowPageTraceBehavior [ RunTime:0.000920s ]
INFO: [ app_end ] --END-- [ RunTime:0.000989s ]

[ 2016-09-09T22:51:15+08:00 ] 127.0.0.1 /admin/index
INFO: [ app_init ] --START--
INFO: Run Behavior\BuildLiteBehavior [ RunTime:0.000023s ]
INFO: [ app_init ] --END-- [ RunTime:0.000547s ]
INFO: [ app_begin ] --START--
INFO: Run Behavior\ReadHtmlCacheBehavior [ RunTime:0.000728s ]
INFO: [ app_begin ] --END-- [ RunTime:0.000804s ]
INFO: [ mark_pv ] --START--
INFO: Run Home\Behavior\TestBehavior [ RunTime:0.000629s ]
INFO: [ mark_pv ] --END-- [ RunTime:0.000709s ]
SQL: SHOW COLUMNS FROM `es_setting` [ RunTime:0.0041s ]
SQL: SELECT `setting_value` FROM `es_setting` WHERE ( setting_key='websiteName' ) LIMIT 1   [ RunTime:0.0002s ]
NOTIC: [8] A session had already been started - ignoring session_start() G:\install\apache2.4\htdocs\tp\Application\Home\Controller\Common\BaseController.class.php 第 19 行.
SQL: SHOW COLUMNS FROM `es_menu_item` [ RunTime:0.0038s ]
SQL: SELECT * FROM `es_menu_item` WHERE ( menu_id = '2' and parent_id = '0' ) ORDER BY sort_order  [ RunTime:0.0008s ]
ERR: 1146:Table 'eschool.other_user' doesn't exist
 [ SQL语句 ] : SHOW COLUMNS FROM `other_user`
NOTIC: [8] Undefined variable: hehe G:\install\apache2.4\htdocs\tp\Application\Admin\Controller\IndexController.class.php 第 25 行.
SQL: select * from eb_user where user_id = "1" [ RunTime:0.0002s ]
NOTIC: [8] A session had already been started - ignoring session_start() G:\install\apache2.4\htdocs\tp\Application\Admin\Controller\IndexController.class.php 第 34 行.
INFO: [ view_parse ] --START--
INFO: [ template_filter ] --START--
INFO: Run Behavior\ContentReplaceBehavior [ RunTime:0.000056s ]
INFO: [ template_filter ] --END-- [ RunTime:0.000139s ]
INFO: Run Behavior\ParseTemplateBehavior [ RunTime:0.011080s ]
INFO: [ view_parse ] --END-- [ RunTime:0.011185s ]
INFO: [ view_filter ] --START--
INFO: Run Behavior\WriteHtmlCacheBehavior [ RunTime:0.000503s ]
INFO: [ view_filter ] --END-- [ RunTime:0.000563s ]
INFO: [ app_end ] --START--
INFO: Run Behavior\ShowPageTraceBehavior [ RunTime:0.000913s ]
INFO: [ app_end ] --END-- [ RunTime:0.000977s ]

[ 2016-09-09T22:51:20+08:00 ] 127.0.0.1 /Admin/Banner
INFO: [ app_init ] --START--
INFO: Run Behavior\BuildLiteBehavior [ RunTime:0.000021s ]
INFO: [ app_init ] --END-- [ RunTime:0.000478s ]
INFO: [ app_begin ] --START--
INFO: Run Behavior\ReadHtmlCacheBehavior [ RunTime:0.000696s ]
INFO: [ app_begin ] --END-- [ RunTime:0.000774s ]
SQL: SHOW COLUMNS FROM `es_banner` [ RunTime:0.0050s ]
SQL: SELECT * FROM `es_banner` ORDER BY sort_order  [ RunTime:0.0002s ]
INFO: [ view_parse ] --START--
INFO: [ template_filter ] --START--
INFO: Run Behavior\ContentReplaceBehavior [ RunTime:0.000068s ]
INFO: [ template_filter ] --END-- [ RunTime:0.000149s ]
INFO: Run Behavior\ParseTemplateBehavior [ RunTime:0.012625s ]
INFO: [ view_parse ] --END-- [ RunTime:0.012713s ]
INFO: [ view_filter ] --START--
INFO: Run Behavior\WriteHtmlCacheBehavior [ RunTime:0.000493s ]
INFO: [ view_filter ] --END-- [ RunTime:0.000554s ]
INFO: [ app_end ] --START--
INFO: Run Behavior\ShowPageTraceBehavior [ RunTime:0.001332s ]
INFO: [ app_end ] --END-- [ RunTime:0.001446s ]

